{"C:\\Users\\disrct\\Desktop\\cpfTest\\src\\common\\cpf.js": {"path":"C:\\Users\\disrct\\Desktop\\cpfTest\\src\\common\\cpf.js","statementMap":{"0":{"start":{"line":2,"column":20},"end":{"line":36,"column":1}},"1":{"start":{"line":3,"column":4},"end":{"line":3,"column":62}},"2":{"start":{"line":3,"column":33},"end":{"line":3,"column":62}},"3":{"start":{"line":5,"column":4},"end":{"line":5,"column":39}},"4":{"start":{"line":5,"column":26},"end":{"line":5,"column":39}},"5":{"start":{"line":7,"column":24},"end":{"line":7,"column":28}},"6":{"start":{"line":8,"column":4},"end":{"line":13,"column":5}},"7":{"start":{"line":8,"column":17},"end":{"line":8,"column":18}},"8":{"start":{"line":9,"column":8},"end":{"line":12,"column":9}},"9":{"start":{"line":10,"column":12},"end":{"line":10,"column":34}},"10":{"start":{"line":11,"column":12},"end":{"line":11,"column":18}},"11":{"start":{"line":15,"column":4},"end":{"line":15,"column":36}},"12":{"start":{"line":15,"column":23},"end":{"line":15,"column":36}},"13":{"start":{"line":17,"column":16},"end":{"line":17,"column":17}},"14":{"start":{"line":17,"column":31},"end":{"line":17,"column":32}},"15":{"start":{"line":19,"column":4},"end":{"line":19,"column":57}},"16":{"start":{"line":19,"column":17},"end":{"line":19,"column":18}},"17":{"start":{"line":19,"column":32},"end":{"line":19,"column":57}},"18":{"start":{"line":22,"column":4},"end":{"line":22,"column":32}},"19":{"start":{"line":24,"column":4},"end":{"line":24,"column":48}},"20":{"start":{"line":26,"column":4},"end":{"line":26,"column":42}},"21":{"start":{"line":26,"column":29},"end":{"line":26,"column":42}},"22":{"start":{"line":28,"column":4},"end":{"line":28,"column":14}},"23":{"start":{"line":29,"column":4},"end":{"line":29,"column":58}},"24":{"start":{"line":29,"column":17},"end":{"line":29,"column":18}},"25":{"start":{"line":29,"column":33},"end":{"line":29,"column":58}},"26":{"start":{"line":31,"column":4},"end":{"line":31,"column":32}},"27":{"start":{"line":33,"column":4},"end":{"line":33,"column":43}},"28":{"start":{"line":33,"column":30},"end":{"line":33,"column":43}},"29":{"start":{"line":35,"column":4},"end":{"line":35,"column":16}}},"fnMap":{"0":{"name":"(anonymous_0)","decl":{"start":{"line":2,"column":20},"end":{"line":2,"column":21}},"loc":{"start":{"line":2,"column":29},"end":{"line":36,"column":1}},"line":2}},"branchMap":{"0":{"loc":{"start":{"line":3,"column":4},"end":{"line":3,"column":62}},"type":"if","locations":[{"start":{"line":3,"column":4},"end":{"line":3,"column":62}},{"start":{},"end":{}}],"line":3},"1":{"loc":{"start":{"line":5,"column":4},"end":{"line":5,"column":39}},"type":"if","locations":[{"start":{"line":5,"column":4},"end":{"line":5,"column":39}},{"start":{},"end":{}}],"line":5},"2":{"loc":{"start":{"line":9,"column":8},"end":{"line":12,"column":9}},"type":"if","locations":[{"start":{"line":9,"column":8},"end":{"line":12,"column":9}},{"start":{},"end":{}}],"line":9},"3":{"loc":{"start":{"line":15,"column":4},"end":{"line":15,"column":36}},"type":"if","locations":[{"start":{"line":15,"column":4},"end":{"line":15,"column":36}},{"start":{},"end":{}}],"line":15},"4":{"loc":{"start":{"line":24,"column":16},"end":{"line":24,"column":47}},"type":"cond-expr","locations":[{"start":{"line":24,"column":34},"end":{"line":24,"column":35}},{"start":{"line":24,"column":38},"end":{"line":24,"column":47}}],"line":24},"5":{"loc":{"start":{"line":26,"column":4},"end":{"line":26,"column":42}},"type":"if","locations":[{"start":{"line":26,"column":4},"end":{"line":26,"column":42}},{"start":{},"end":{}}],"line":26},"6":{"loc":{"start":{"line":33,"column":4},"end":{"line":33,"column":43}},"type":"if","locations":[{"start":{"line":33,"column":4},"end":{"line":33,"column":43}},{"start":{},"end":{}}],"line":33}},"s":{"0":1,"1":6,"2":1,"3":5,"4":1,"5":4,"6":4,"7":4,"8":12,"9":3,"10":3,"11":4,"12":1,"13":3,"14":3,"15":3,"16":3,"17":27,"18":3,"19":3,"20":3,"21":1,"22":2,"23":2,"24":2,"25":20,"26":2,"27":2,"28":1,"29":1},"f":{"0":6},"b":{"0":[1,5],"1":[1,4],"2":[3,9],"3":[1,3],"4":[0,3],"5":[1,2],"6":[1,1]},"_coverageSchema":"1a1c01bbd47fc00a2c39e90264f33305004495a9","hash":"3d2b488a36dd9534d7a321cdc769caacd73b0e44"}
}
